21:09:31.692 [INF] (:) Starting application - mynode
21:09:31.723 [INF] (:) 	Arguments: 
21:09:31.791 [FTL] (:) Application startup exception
System.Exception: Could not resolve a service of type 'Microsoft.EntityFrameworkCore.DbContext' for the parameter 'dbContext' of method 'Configure' on type 'backend.Startup'.
 ---> System.InvalidOperationException: No service for type 'Microsoft.EntityFrameworkCore.DbContext' has been registered.
   at Microsoft.Extensions.DependencyInjection.ServiceProviderServiceExtensions.GetRequiredService(IServiceProvider provider, Type serviceType)
   at Microsoft.AspNetCore.Hosting.ConfigureBuilder.Invoke(Object instance, IApplicationBuilder builder)
   --- End of inner exception stack trace ---
   at Microsoft.AspNetCore.Hosting.ConfigureBuilder.Invoke(Object instance, IApplicationBuilder builder)
   at Microsoft.AspNetCore.Hosting.ConfigureBuilder.<>c__DisplayClass4_0.<Build>b__0(IApplicationBuilder builder)
   at Microsoft.AspNetCore.Hosting.GenericWebHostBuilder.<>c__DisplayClass15_0.<UseStartup>b__1(IApplicationBuilder app)
   at Microsoft.AspNetCore.Mvc.Filters.MiddlewareFilterBuilderStartupFilter.<>c__DisplayClass0_0.<Configure>g__MiddlewareFilterBuilder|0(IApplicationBuilder builder)
   at Microsoft.AspNetCore.HostFilteringStartupFilter.<>c__DisplayClass0_0.<Configure>b__0(IApplicationBuilder app)
   at Microsoft.AspNetCore.Hosting.GenericWebHostService.StartAsync(CancellationToken cancellationToken)
21:10:05.732 [INF] (:) Starting application - mynode
21:10:05.768 [INF] (:) 	Arguments: 
21:12:31.124 [INF] (:) Starting application - mynode
21:12:31.151 [INF] (:) 	Arguments: 
21:16:35.475 [INF] (:) Starting application - mynode
21:16:35.504 [INF] (:) 	Arguments: 
21:16:41.672 [WRN] (:) One or more of the following response headers have been removed because they are invalid for HTTP/2 and HTTP/3 responses: 'Connection', 'Transfer-Encoding', 'Keep-Alive', 'Upgrade' and 'Proxy-Connection'.
21:16:41.767 [WRN] (:) One or more of the following response headers have been removed because they are invalid for HTTP/2 and HTTP/3 responses: 'Connection', 'Transfer-Encoding', 'Keep-Alive', 'Upgrade' and 'Proxy-Connection'.
21:16:41.784 [WRN] (:) One or more of the following response headers have been removed because they are invalid for HTTP/2 and HTTP/3 responses: 'Connection', 'Transfer-Encoding', 'Keep-Alive', 'Upgrade' and 'Proxy-Connection'.
21:16:41.796 [WRN] (:) One or more of the following response headers have been removed because they are invalid for HTTP/2 and HTTP/3 responses: 'Connection', 'Transfer-Encoding', 'Keep-Alive', 'Upgrade' and 'Proxy-Connection'.
21:16:41.886 [WRN] (:) One or more of the following response headers have been removed because they are invalid for HTTP/2 and HTTP/3 responses: 'Connection', 'Transfer-Encoding', 'Keep-Alive', 'Upgrade' and 'Proxy-Connection'.
21:16:41.922 [WRN] (:) One or more of the following response headers have been removed because they are invalid for HTTP/2 and HTTP/3 responses: 'Connection', 'Transfer-Encoding', 'Keep-Alive', 'Upgrade' and 'Proxy-Connection'.
21:24:10.113 [WRN] (:) One or more of the following response headers have been removed because they are invalid for HTTP/2 and HTTP/3 responses: 'Connection', 'Transfer-Encoding', 'Keep-Alive', 'Upgrade' and 'Proxy-Connection'.
21:35:20.923 [WRN] (:) One or more of the following response headers have been removed because they are invalid for HTTP/2 and HTTP/3 responses: 'Connection', 'Transfer-Encoding', 'Keep-Alive', 'Upgrade' and 'Proxy-Connection'.
21:35:20.948 [WRN] (:) One or more of the following response headers have been removed because they are invalid for HTTP/2 and HTTP/3 responses: 'Connection', 'Transfer-Encoding', 'Keep-Alive', 'Upgrade' and 'Proxy-Connection'.
21:35:20.951 [WRN] (:) One or more of the following response headers have been removed because they are invalid for HTTP/2 and HTTP/3 responses: 'Connection', 'Transfer-Encoding', 'Keep-Alive', 'Upgrade' and 'Proxy-Connection'.
21:35:20.956 [WRN] (:) One or more of the following response headers have been removed because they are invalid for HTTP/2 and HTTP/3 responses: 'Connection', 'Transfer-Encoding', 'Keep-Alive', 'Upgrade' and 'Proxy-Connection'.
21:35:21.037 [WRN] (:) One or more of the following response headers have been removed because they are invalid for HTTP/2 and HTTP/3 responses: 'Connection', 'Transfer-Encoding', 'Keep-Alive', 'Upgrade' and 'Proxy-Connection'.
21:35:21.061 [WRN] (:) One or more of the following response headers have been removed because they are invalid for HTTP/2 and HTTP/3 responses: 'Connection', 'Transfer-Encoding', 'Keep-Alive', 'Upgrade' and 'Proxy-Connection'.
21:42:46.526 [INF] (:) Starting application - mynode
21:42:46.553 [INF] (:) 	Arguments: 
21:43:57.664 [WRN] (:) One or more of the following response headers have been removed because they are invalid for HTTP/2 and HTTP/3 responses: 'Connection', 'Transfer-Encoding', 'Keep-Alive', 'Upgrade' and 'Proxy-Connection'.
21:44:02.493 [WRN] (:) One or more of the following response headers have been removed because they are invalid for HTTP/2 and HTTP/3 responses: 'Connection', 'Transfer-Encoding', 'Keep-Alive', 'Upgrade' and 'Proxy-Connection'.
21:44:17.915 [WRN] (:) One or more of the following response headers have been removed because they are invalid for HTTP/2 and HTTP/3 responses: 'Connection', 'Transfer-Encoding', 'Keep-Alive', 'Upgrade' and 'Proxy-Connection'.
21:44:19.300 [WRN] (:) One or more of the following response headers have been removed because they are invalid for HTTP/2 and HTTP/3 responses: 'Connection', 'Transfer-Encoding', 'Keep-Alive', 'Upgrade' and 'Proxy-Connection'.
21:44:19.462 [WRN] (:) One or more of the following response headers have been removed because they are invalid for HTTP/2 and HTTP/3 responses: 'Connection', 'Transfer-Encoding', 'Keep-Alive', 'Upgrade' and 'Proxy-Connection'.
21:44:19.699 [WRN] (:) One or more of the following response headers have been removed because they are invalid for HTTP/2 and HTTP/3 responses: 'Connection', 'Transfer-Encoding', 'Keep-Alive', 'Upgrade' and 'Proxy-Connection'.
21:44:19.860 [WRN] (:) One or more of the following response headers have been removed because they are invalid for HTTP/2 and HTTP/3 responses: 'Connection', 'Transfer-Encoding', 'Keep-Alive', 'Upgrade' and 'Proxy-Connection'.
21:44:20.008 [WRN] (:) One or more of the following response headers have been removed because they are invalid for HTTP/2 and HTTP/3 responses: 'Connection', 'Transfer-Encoding', 'Keep-Alive', 'Upgrade' and 'Proxy-Connection'.
21:44:20.191 [WRN] (:) One or more of the following response headers have been removed because they are invalid for HTTP/2 and HTTP/3 responses: 'Connection', 'Transfer-Encoding', 'Keep-Alive', 'Upgrade' and 'Proxy-Connection'.
21:44:20.744 [WRN] (:) One or more of the following response headers have been removed because they are invalid for HTTP/2 and HTTP/3 responses: 'Connection', 'Transfer-Encoding', 'Keep-Alive', 'Upgrade' and 'Proxy-Connection'.
21:44:21.270 [WRN] (:) One or more of the following response headers have been removed because they are invalid for HTTP/2 and HTTP/3 responses: 'Connection', 'Transfer-Encoding', 'Keep-Alive', 'Upgrade' and 'Proxy-Connection'.
21:44:21.632 [WRN] (:) One or more of the following response headers have been removed because they are invalid for HTTP/2 and HTTP/3 responses: 'Connection', 'Transfer-Encoding', 'Keep-Alive', 'Upgrade' and 'Proxy-Connection'.
21:44:22.003 [WRN] (:) One or more of the following response headers have been removed because they are invalid for HTTP/2 and HTTP/3 responses: 'Connection', 'Transfer-Encoding', 'Keep-Alive', 'Upgrade' and 'Proxy-Connection'.
21:44:22.347 [WRN] (:) One or more of the following response headers have been removed because they are invalid for HTTP/2 and HTTP/3 responses: 'Connection', 'Transfer-Encoding', 'Keep-Alive', 'Upgrade' and 'Proxy-Connection'.
21:44:22.680 [WRN] (:) One or more of the following response headers have been removed because they are invalid for HTTP/2 and HTTP/3 responses: 'Connection', 'Transfer-Encoding', 'Keep-Alive', 'Upgrade' and 'Proxy-Connection'.
21:44:23.136 [WRN] (:) One or more of the following response headers have been removed because they are invalid for HTTP/2 and HTTP/3 responses: 'Connection', 'Transfer-Encoding', 'Keep-Alive', 'Upgrade' and 'Proxy-Connection'.
21:44:23.455 [WRN] (:) One or more of the following response headers have been removed because they are invalid for HTTP/2 and HTTP/3 responses: 'Connection', 'Transfer-Encoding', 'Keep-Alive', 'Upgrade' and 'Proxy-Connection'.
21:44:23.620 [WRN] (:) One or more of the following response headers have been removed because they are invalid for HTTP/2 and HTTP/3 responses: 'Connection', 'Transfer-Encoding', 'Keep-Alive', 'Upgrade' and 'Proxy-Connection'.
21:44:23.771 [WRN] (:) One or more of the following response headers have been removed because they are invalid for HTTP/2 and HTTP/3 responses: 'Connection', 'Transfer-Encoding', 'Keep-Alive', 'Upgrade' and 'Proxy-Connection'.
21:44:23.939 [WRN] (:) One or more of the following response headers have been removed because they are invalid for HTTP/2 and HTTP/3 responses: 'Connection', 'Transfer-Encoding', 'Keep-Alive', 'Upgrade' and 'Proxy-Connection'.
21:44:24.065 [WRN] (:) One or more of the following response headers have been removed because they are invalid for HTTP/2 and HTTP/3 responses: 'Connection', 'Transfer-Encoding', 'Keep-Alive', 'Upgrade' and 'Proxy-Connection'.
21:44:24.256 [WRN] (:) One or more of the following response headers have been removed because they are invalid for HTTP/2 and HTTP/3 responses: 'Connection', 'Transfer-Encoding', 'Keep-Alive', 'Upgrade' and 'Proxy-Connection'.
21:44:24.414 [WRN] (:) One or more of the following response headers have been removed because they are invalid for HTTP/2 and HTTP/3 responses: 'Connection', 'Transfer-Encoding', 'Keep-Alive', 'Upgrade' and 'Proxy-Connection'.
21:44:24.575 [WRN] (:) One or more of the following response headers have been removed because they are invalid for HTTP/2 and HTTP/3 responses: 'Connection', 'Transfer-Encoding', 'Keep-Alive', 'Upgrade' and 'Proxy-Connection'.
21:44:24.749 [WRN] (:) One or more of the following response headers have been removed because they are invalid for HTTP/2 and HTTP/3 responses: 'Connection', 'Transfer-Encoding', 'Keep-Alive', 'Upgrade' and 'Proxy-Connection'.
21:44:24.916 [WRN] (:) One or more of the following response headers have been removed because they are invalid for HTTP/2 and HTTP/3 responses: 'Connection', 'Transfer-Encoding', 'Keep-Alive', 'Upgrade' and 'Proxy-Connection'.
21:46:16.763 [WRN] (:) One or more of the following response headers have been removed because they are invalid for HTTP/2 and HTTP/3 responses: 'Connection', 'Transfer-Encoding', 'Keep-Alive', 'Upgrade' and 'Proxy-Connection'.
21:46:16.794 [WRN] (:) One or more of the following response headers have been removed because they are invalid for HTTP/2 and HTTP/3 responses: 'Connection', 'Transfer-Encoding', 'Keep-Alive', 'Upgrade' and 'Proxy-Connection'.
21:46:16.803 [WRN] (:) One or more of the following response headers have been removed because they are invalid for HTTP/2 and HTTP/3 responses: 'Connection', 'Transfer-Encoding', 'Keep-Alive', 'Upgrade' and 'Proxy-Connection'.
21:46:16.804 [WRN] (:) One or more of the following response headers have been removed because they are invalid for HTTP/2 and HTTP/3 responses: 'Connection', 'Transfer-Encoding', 'Keep-Alive', 'Upgrade' and 'Proxy-Connection'.
21:46:16.892 [WRN] (:) One or more of the following response headers have been removed because they are invalid for HTTP/2 and HTTP/3 responses: 'Connection', 'Transfer-Encoding', 'Keep-Alive', 'Upgrade' and 'Proxy-Connection'.
21:46:16.903 [WRN] (:) One or more of the following response headers have been removed because they are invalid for HTTP/2 and HTTP/3 responses: 'Connection', 'Transfer-Encoding', 'Keep-Alive', 'Upgrade' and 'Proxy-Connection'.
21:46:30.182 [WRN] (:) One or more of the following response headers have been removed because they are invalid for HTTP/2 and HTTP/3 responses: 'Connection', 'Transfer-Encoding', 'Keep-Alive', 'Upgrade' and 'Proxy-Connection'.
21:46:30.221 [WRN] (:) One or more of the following response headers have been removed because they are invalid for HTTP/2 and HTTP/3 responses: 'Connection', 'Transfer-Encoding', 'Keep-Alive', 'Upgrade' and 'Proxy-Connection'.
21:46:30.228 [WRN] (:) One or more of the following response headers have been removed because they are invalid for HTTP/2 and HTTP/3 responses: 'Connection', 'Transfer-Encoding', 'Keep-Alive', 'Upgrade' and 'Proxy-Connection'.
21:46:30.229 [WRN] (:) One or more of the following response headers have been removed because they are invalid for HTTP/2 and HTTP/3 responses: 'Connection', 'Transfer-Encoding', 'Keep-Alive', 'Upgrade' and 'Proxy-Connection'.
21:46:30.299 [WRN] (:) One or more of the following response headers have been removed because they are invalid for HTTP/2 and HTTP/3 responses: 'Connection', 'Transfer-Encoding', 'Keep-Alive', 'Upgrade' and 'Proxy-Connection'.
21:46:30.700 [WRN] (:) One or more of the following response headers have been removed because they are invalid for HTTP/2 and HTTP/3 responses: 'Connection', 'Transfer-Encoding', 'Keep-Alive', 'Upgrade' and 'Proxy-Connection'.
21:46:30.734 [WRN] (:) One or more of the following response headers have been removed because they are invalid for HTTP/2 and HTTP/3 responses: 'Connection', 'Transfer-Encoding', 'Keep-Alive', 'Upgrade' and 'Proxy-Connection'.
21:46:30.740 [WRN] (:) One or more of the following response headers have been removed because they are invalid for HTTP/2 and HTTP/3 responses: 'Connection', 'Transfer-Encoding', 'Keep-Alive', 'Upgrade' and 'Proxy-Connection'.
21:46:30.743 [WRN] (:) One or more of the following response headers have been removed because they are invalid for HTTP/2 and HTTP/3 responses: 'Connection', 'Transfer-Encoding', 'Keep-Alive', 'Upgrade' and 'Proxy-Connection'.
21:46:30.805 [WRN] (:) One or more of the following response headers have been removed because they are invalid for HTTP/2 and HTTP/3 responses: 'Connection', 'Transfer-Encoding', 'Keep-Alive', 'Upgrade' and 'Proxy-Connection'.
21:46:43.584 [WRN] (:) One or more of the following response headers have been removed because they are invalid for HTTP/2 and HTTP/3 responses: 'Connection', 'Transfer-Encoding', 'Keep-Alive', 'Upgrade' and 'Proxy-Connection'.
21:46:43.620 [WRN] (:) One or more of the following response headers have been removed because they are invalid for HTTP/2 and HTTP/3 responses: 'Connection', 'Transfer-Encoding', 'Keep-Alive', 'Upgrade' and 'Proxy-Connection'.
21:46:43.625 [WRN] (:) One or more of the following response headers have been removed because they are invalid for HTTP/2 and HTTP/3 responses: 'Connection', 'Transfer-Encoding', 'Keep-Alive', 'Upgrade' and 'Proxy-Connection'.
21:46:43.629 [WRN] (:) One or more of the following response headers have been removed because they are invalid for HTTP/2 and HTTP/3 responses: 'Connection', 'Transfer-Encoding', 'Keep-Alive', 'Upgrade' and 'Proxy-Connection'.
21:46:43.700 [WRN] (:) One or more of the following response headers have been removed because they are invalid for HTTP/2 and HTTP/3 responses: 'Connection', 'Transfer-Encoding', 'Keep-Alive', 'Upgrade' and 'Proxy-Connection'.
21:46:48.639 [WRN] (:) One or more of the following response headers have been removed because they are invalid for HTTP/2 and HTTP/3 responses: 'Connection', 'Transfer-Encoding', 'Keep-Alive', 'Upgrade' and 'Proxy-Connection'.
21:46:48.672 [WRN] (:) One or more of the following response headers have been removed because they are invalid for HTTP/2 and HTTP/3 responses: 'Connection', 'Transfer-Encoding', 'Keep-Alive', 'Upgrade' and 'Proxy-Connection'.
21:46:48.678 [WRN] (:) One or more of the following response headers have been removed because they are invalid for HTTP/2 and HTTP/3 responses: 'Connection', 'Transfer-Encoding', 'Keep-Alive', 'Upgrade' and 'Proxy-Connection'.
21:46:48.678 [WRN] (:) One or more of the following response headers have been removed because they are invalid for HTTP/2 and HTTP/3 responses: 'Connection', 'Transfer-Encoding', 'Keep-Alive', 'Upgrade' and 'Proxy-Connection'.
21:46:48.740 [WRN] (:) One or more of the following response headers have been removed because they are invalid for HTTP/2 and HTTP/3 responses: 'Connection', 'Transfer-Encoding', 'Keep-Alive', 'Upgrade' and 'Proxy-Connection'.
22:00:40.072 [WRN] (:) One or more of the following response headers have been removed because they are invalid for HTTP/2 and HTTP/3 responses: 'Connection', 'Transfer-Encoding', 'Keep-Alive', 'Upgrade' and 'Proxy-Connection'.
22:00:40.097 [WRN] (:) One or more of the following response headers have been removed because they are invalid for HTTP/2 and HTTP/3 responses: 'Connection', 'Transfer-Encoding', 'Keep-Alive', 'Upgrade' and 'Proxy-Connection'.
22:00:40.107 [WRN] (:) One or more of the following response headers have been removed because they are invalid for HTTP/2 and HTTP/3 responses: 'Connection', 'Transfer-Encoding', 'Keep-Alive', 'Upgrade' and 'Proxy-Connection'.
22:00:40.118 [WRN] (:) One or more of the following response headers have been removed because they are invalid for HTTP/2 and HTTP/3 responses: 'Connection', 'Transfer-Encoding', 'Keep-Alive', 'Upgrade' and 'Proxy-Connection'.
22:00:40.233 [WRN] (:) One or more of the following response headers have been removed because they are invalid for HTTP/2 and HTTP/3 responses: 'Connection', 'Transfer-Encoding', 'Keep-Alive', 'Upgrade' and 'Proxy-Connection'.
22:31:07.620 [WRN] (:) One or more of the following response headers have been removed because they are invalid for HTTP/2 and HTTP/3 responses: 'Connection', 'Transfer-Encoding', 'Keep-Alive', 'Upgrade' and 'Proxy-Connection'.
22:31:07.678 [WRN] (:) One or more of the following response headers have been removed because they are invalid for HTTP/2 and HTTP/3 responses: 'Connection', 'Transfer-Encoding', 'Keep-Alive', 'Upgrade' and 'Proxy-Connection'.
22:31:07.683 [WRN] (:) One or more of the following response headers have been removed because they are invalid for HTTP/2 and HTTP/3 responses: 'Connection', 'Transfer-Encoding', 'Keep-Alive', 'Upgrade' and 'Proxy-Connection'.
22:31:07.687 [WRN] (:) One or more of the following response headers have been removed because they are invalid for HTTP/2 and HTTP/3 responses: 'Connection', 'Transfer-Encoding', 'Keep-Alive', 'Upgrade' and 'Proxy-Connection'.
22:31:07.764 [WRN] (:) One or more of the following response headers have been removed because they are invalid for HTTP/2 and HTTP/3 responses: 'Connection', 'Transfer-Encoding', 'Keep-Alive', 'Upgrade' and 'Proxy-Connection'.
22:31:07.779 [WRN] (:) One or more of the following response headers have been removed because they are invalid for HTTP/2 and HTTP/3 responses: 'Connection', 'Transfer-Encoding', 'Keep-Alive', 'Upgrade' and 'Proxy-Connection'.
23:21:44.404 [WRN] (:) One or more of the following response headers have been removed because they are invalid for HTTP/2 and HTTP/3 responses: 'Connection', 'Transfer-Encoding', 'Keep-Alive', 'Upgrade' and 'Proxy-Connection'.
23:21:44.454 [WRN] (:) One or more of the following response headers have been removed because they are invalid for HTTP/2 and HTTP/3 responses: 'Connection', 'Transfer-Encoding', 'Keep-Alive', 'Upgrade' and 'Proxy-Connection'.
23:21:44.462 [WRN] (:) One or more of the following response headers have been removed because they are invalid for HTTP/2 and HTTP/3 responses: 'Connection', 'Transfer-Encoding', 'Keep-Alive', 'Upgrade' and 'Proxy-Connection'.
23:21:44.481 [WRN] (:) One or more of the following response headers have been removed because they are invalid for HTTP/2 and HTTP/3 responses: 'Connection', 'Transfer-Encoding', 'Keep-Alive', 'Upgrade' and 'Proxy-Connection'.
23:21:44.572 [WRN] (:) One or more of the following response headers have been removed because they are invalid for HTTP/2 and HTTP/3 responses: 'Connection', 'Transfer-Encoding', 'Keep-Alive', 'Upgrade' and 'Proxy-Connection'.
23:21:44.578 [WRN] (:) One or more of the following response headers have been removed because they are invalid for HTTP/2 and HTTP/3 responses: 'Connection', 'Transfer-Encoding', 'Keep-Alive', 'Upgrade' and 'Proxy-Connection'.
23:21:44.585 [WRN] (:) One or more of the following response headers have been removed because they are invalid for HTTP/2 and HTTP/3 responses: 'Connection', 'Transfer-Encoding', 'Keep-Alive', 'Upgrade' and 'Proxy-Connection'.
23:21:44.590 [WRN] (:) One or more of the following response headers have been removed because they are invalid for HTTP/2 and HTTP/3 responses: 'Connection', 'Transfer-Encoding', 'Keep-Alive', 'Upgrade' and 'Proxy-Connection'.
23:21:44.591 [WRN] (:) One or more of the following response headers have been removed because they are invalid for HTTP/2 and HTTP/3 responses: 'Connection', 'Transfer-Encoding', 'Keep-Alive', 'Upgrade' and 'Proxy-Connection'.
23:21:44.604 [WRN] (:) One or more of the following response headers have been removed because they are invalid for HTTP/2 and HTTP/3 responses: 'Connection', 'Transfer-Encoding', 'Keep-Alive', 'Upgrade' and 'Proxy-Connection'.
